<?xml version="1.0" encoding="UTF-8"?>
<!-- Generated by org.testng.reporters.JUnitReportReporter -->
<testsuite hostname="DESKTOP-UQAPC26" failures="0" tests="1" name="finalPackage.testCalculation" time="0.013" errors="0" timestamp="2024-04-15T21:55:08 ICT" skipped="0">
  <testcase classname="finalPackage.testCalculation" name="testAddition" time="0.013"/>
  <system-out/>
</testsuite> <!-- finalPackage.testCalculation -->
