<?xml version="1.0" encoding="UTF-8"?>
<!-- Generated by org.testng.reporters.JUnitReportReporter -->
<testsuite hostname="DESKTOP-UQAPC26" failures="0" tests="3" name="finalPackage.TestLoginShopee" time="5.084" errors="0" timestamp="2024-04-16T08:13:42 ICT" skipped="0">
  <testcase classname="finalPackage.TestLoginShopee" name="LaunchWebsite" time="2.645"/>
  <system-out/>
  <testcase classname="finalPackage.TestLoginShopee" name="FillLoginDetails" time="1.252"/>
  <system-out/>
  <testcase classname="finalPackage.TestLoginShopee" name="DoLogin" time="1.187"/>
  <system-out/>
</testsuite> <!-- finalPackage.TestLoginShopee -->
