<?xml version="1.0" encoding="UTF-8"?>
<!-- Generated by org.testng.reporters.JUnitReportReporter -->
<testsuite hostname="DESKTOP-UQAPC26" failures="0" tests="4" name="ExamFinal.ExamFinal.HinhTronTest" time="0.012" errors="0" timestamp="2024-04-15T00:22:53 ICT" skipped="0">
  <testcase classname="ExamFinal.ExamFinal.HinhTronTest" name="testTinhDienTichWithPSTNum" time="0.001"/>
  <system-out/>
  <testcase classname="ExamFinal.ExamFinal.HinhTronTest" name="testChuViWithRzero" time="0.009"/>
  <system-out/>
  <testcase classname="ExamFinal.ExamFinal.HinhTronTest" name="testDienTichWithRzero" time="0.001"/>
  <system-out/>
  <testcase classname="ExamFinal.ExamFinal.HinhTronTest" name="testTinhChuviWithPstNum" time="0.001"/>
  <system-out/>
</testsuite> <!-- ExamFinal.ExamFinal.HinhTronTest -->
